<?xml version="1.0" encoding="UTF-8"?>
<!-- Generated by org.testng.reporters.JUnitReportReporter -->
<testsuite skipped="0" hostname="DESKTOP-QV0IQQL" name="testNgBasics.annotationEx" tests="3" failures="0" timestamp="2020-05-21T16:34:47 PDT" time="0.532" errors="0">
  <testcase name="checkLinkDisplayedTest" time="0.119" classname="testNgBasics.annotationEx"/>
  <system-out/>
  <testcase name="productAvailTest" time="0.395" classname="testNgBasics.annotationEx"/>
  <system-out/>
  <testcase name="getTitleTest" time="0.018" classname="testNgBasics.annotationEx"/>
  <system-out/>
</testsuite> <!-- testNgBasics.annotationEx -->
