<?xml version="1.0" encoding="UTF-8"?>
<!-- Generated by org.testng.reporters.JUnitReportReporter -->
<testsuite skipped="2" hostname="DESKTOP-QV0IQQL" name="testNgBasics.DisableTest" tests="3" failures="0" timestamp="2020-05-21T16:34:47 PDT" time="0.002" errors="0">
  <testcase name="loginTest" time="0.002" classname="testNgBasics.DisableTest"/>
  <system-out/>
  <testcase name="searchPageTest" classname="testNgBasics.DisableTest">
    <skipped/>
  </testcase> <!-- searchPageTest -->
  <system-out/>
  <testcase name="homepageTest" classname="testNgBasics.DisableTest">
    <skipped/>
  </testcase> <!-- homepageTest -->
  <system-out/>
</testsuite> <!-- testNgBasics.DisableTest -->
