<?xml version="1.0" encoding="UTF-8"?>
<!-- Generated by org.testng.reporters.JUnitReportReporter -->
<testsuite skipped="3" hostname="DESKTOP-QV0IQQL" name="testNgBasics.DependsOnTestNg" tests="3" failures="0" timestamp="2020-05-21T16:06:32 PDT" time="0.000" errors="0">
  <testcase name="loginTest" time="0.000" classname="testNgBasics.DependsOnTestNg">
    <skipped/>
  </testcase> <!-- loginTest -->
  <system-out/>
  <testcase name="searchPageTest" time="0.000" classname="testNgBasics.DependsOnTestNg">
    <skipped/>
  </testcase> <!-- searchPageTest -->
  <system-out/>
  <testcase name="homepageTest" time="0.000" classname="testNgBasics.DependsOnTestNg">
    <skipped/>
  </testcase> <!-- homepageTest -->
  <system-out/>
</testsuite> <!-- testNgBasics.DependsOnTestNg -->
