<?xml version="1.0" encoding="UTF-8"?>
<!-- Generated by org.testng.reporters.JUnitReportReporter -->
<testsuite skipped="0" hostname="DESKTOP-QV0IQQL" name="testNgBasics.InvocationConcept" tests="5" failures="0" timestamp="2020-05-21T15:08:59 PDT" time="0.015" errors="0">
  <testcase name="gmailTest" time="0.002" classname="testNgBasics.InvocationConcept"/>
  <system-out/>
  <testcase name="gmailTest" time="0.008" classname="testNgBasics.InvocationConcept"/>
  <system-out/>
  <testcase name="gmailTest" time="0.002" classname="testNgBasics.InvocationConcept"/>
  <system-out/>
  <testcase name="gmailTest" time="0.001" classname="testNgBasics.InvocationConcept"/>
  <system-out/>
  <testcase name="gmailTest" time="0.002" classname="testNgBasics.InvocationConcept"/>
  <system-out/>
</testsuite> <!-- testNgBasics.InvocationConcept -->
